[23:21:44] [main/INFO]: Setting user: Player875
[23:21:45] [Client thread/INFO]: LWJGL Version: 2.9.1
[23:21:52] [Client thread/INFO]: Reloading ResourceManager: Default, FMLFileResourcePack:Forge Mod Loader, FMLFileResourcePack:Minecraft Forge, FMLFileResourcePack:Zen Technology
[23:21:53] [Sound Library Loader/INFO]: Sound engine started
[23:21:54] [Client thread/INFO]: Created: 16x16 textures/blocks-atlas
[23:21:54] [Client thread/INFO]: Created: 16x16 textures/items-atlas
[23:21:54] [Client thread/INFO]: Reloading ResourceManager: Default, FMLFileResourcePack:Forge Mod Loader, FMLFileResourcePack:Minecraft Forge, FMLFileResourcePack:Zen Technology
[23:21:54] [Client thread/INFO]: Created: 512x256 textures/blocks-atlas
[23:21:54] [Client thread/INFO]: Created: 256x256 textures/items-atlas
[23:21:55] [Sound Library Loader/INFO]: Sound engine started
[23:21:57] [Server thread/INFO]: Starting integrated minecraft server version 1.7.10
[23:21:57] [Server thread/INFO]: Generating keypair
[23:21:58] [Server thread/INFO]: Preparing start region for level 0
[23:21:59] [Server thread/INFO]: Changing view distance to 12, from 10
[23:21:59] [Server thread/INFO]: Player875[local:E:75197395] logged in with entity id 360 at (83.22055811067753, 65.0, 241.25545040295646)
[23:21:59] [Server thread/INFO]: Player875 joined the game
[23:22:24] [Server thread/INFO]: Saving and pausing game...
[23:22:24] [Server thread/INFO]: Saving chunks for level 'New World'/Overworld
[23:22:24] [Server thread/INFO]: Saving chunks for level 'New World'/Nether
[23:22:24] [Server thread/INFO]: Saving chunks for level 'New World'/The End
[23:22:25] [Server thread/INFO]: Stopping server
[23:22:25] [Server thread/INFO]: Saving players
[23:22:25] [Server thread/INFO]: Saving worlds
[23:22:25] [Server thread/INFO]: Saving chunks for level 'New World'/Overworld
[23:22:25] [Server thread/INFO]: Saving chunks for level 'New World'/Nether
[23:22:25] [Server thread/INFO]: Saving chunks for level 'New World'/The End
[23:22:26] [Client thread/INFO]: Stopping!
